# JRE version: Java(TM) SE Runtime Environment (17.0.7+8) (build 17.0.7+8-LTS-224)
# Java VM: Java HotSpot(TM) 64-Bit Server VM (17.0.7+8-LTS-224, mixed mode, emulated-client, sharing, tiered, compressed oops, compressed class ptrs, g1 gc, windows-amd64)
GC Precious Log:
 CPUs: 12 total, 12 available
 Memory: 12136M
 Large Page Support: Disabled
 NUMA Support: Disabled
 Compressed Oops: Enabled (Zero based)
 Heap Region Size: 2M
 Heap Min Capacity: 8M
 Heap Initial Capacity: 190M
 Heap Max Capacity: 3036M
 Pre-touch: Disabled
 Parallel Workers: 10
 Concurrent Workers: 3
 Concurrent Refinement Workers: 10
 Periodic GC: Disabled
Heap:
 garbage-first heap   total 112640K, used 40657K [0x0000000742400000, 0x0000000800000000)
  region size 2048K, 9 young (18432K), 3 survivors (6144K)
 Metaspace       used 59723K, committed 60160K, reserved 1105920K
  class space    used 8612K, committed 8832K, reserved 1048576K
GC Heap History (20 events):
Event: 1.268 GC heap after
{Heap after GC invocations=7 (full 0):
 garbage-first heap   total 67584K, used 15641K [0x0000000742400000, 0x0000000800000000)
  region size 2048K, 1 young (2048K), 1 survivors (2048K)
 Metaspace       used 24922K, committed 25216K, reserved 1073152K
  class space    used 3494K, committed 3648K, reserved 1048576K
}
Event: 1.547 GC heap before
{Heap before GC invocations=7 (full 0):
 garbage-first heap   total 67584K, used 42265K [0x0000000742400000, 0x0000000800000000)
  region size 2048K, 15 young (30720K), 1 survivors (2048K)
 Metaspace       used 29386K, committed 29824K, reserved 1081344K
  class space    used 4131K, committed 4352K, reserved 1048576K
}
Event: 1.551 GC heap after
{Heap after GC invocations=8 (full 0):
 garbage-first heap   total 67584K, used 17590K [0x0000000742400000, 0x0000000800000000)
  region size 2048K, 2 young (4096K), 2 survivors (4096K)
 Metaspace       used 29386K, committed 29824K, reserved 1081344K
  class space    used 4131K, committed 4352K, reserved 1048576K
}
Event: 1.780 GC heap before
{Heap before GC invocations=8 (full 0):
 garbage-first heap   total 67584K, used 44214K [0x0000000742400000, 0x0000000800000000)
  region size 2048K, 16 young (32768K), 2 survivors (4096K)
 Metaspace       used 34211K, committed 34560K, reserved 1081344K
  class space    used 4713K, committed 4864K, reserved 1048576K
}
Event: 1.785 GC heap after
{Heap after GC invocations=9 (full 0):
 garbage-first heap   total 67584K, used 19617K [0x0000000742400000, 0x0000000800000000)
  region size 2048K, 2 young (4096K), 2 survivors (4096K)
 Metaspace       used 34211K, committed 34560K, reserved 1081344K
  class space    used 4713K, committed 4864K, reserved 1048576K
}
Event: 1.864 GC heap before
{Heap before GC invocations=9 (full 0):
 garbage-first heap   total 67584K, used 27809K [0x0000000742400000, 0x0000000800000000)
  region size 2048K, 7 young (14336K), 2 survivors (4096K)
 Metaspace       used 35598K, committed 35968K, reserved 1081344K
  class space    used 4895K, committed 5120K, reserved 1048576K
}
Event: 1.865 GC heap after
{Heap after GC invocations=10 (full 0):
 garbage-first heap   total 67584K, used 20012K [0x0000000742400000, 0x0000000800000000)
  region size 2048K, 2 young (4096K), 2 survivors (4096K)
 Metaspace       used 35598K, committed 35968K, reserved 1081344K
  class space    used 4895K, committed 5120K, reserved 1048576K
}
Event: 2.178 GC heap before
{Heap before GC invocations=11 (full 0):
 garbage-first heap   total 67584K, used 48684K [0x0000000742400000, 0x0000000800000000)
  region size 2048K, 16 young (32768K), 2 survivors (4096K)
 Metaspace       used 42853K, committed 43264K, reserved 1089536K
  class space    used 6128K, committed 6336K, reserved 1048576K
}
Event: 2.181 GC heap after
{Heap after GC invocations=12 (full 0):
 garbage-first heap   total 67584K, used 21460K [0x0000000742400000, 0x0000000800000000)
  region size 2048K, 2 young (4096K), 2 survivors (4096K)
 Metaspace       used 42853K, committed 43264K, reserved 1089536K
  class space    used 6128K, committed 6336K, reserved 1048576K
}
Event: 2.463 GC heap before
{Heap before GC invocations=12 (full 0):
 garbage-first heap   total 67584K, used 48084K [0x0000000742400000, 0x0000000800000000)
  region size 2048K, 15 young (30720K), 2 survivors (4096K)
 Metaspace       used 48097K, committed 48512K, reserved 1097728K
  class space    used 6954K, committed 7168K, reserved 1048576K
}
Event: 2.465 GC heap after
{Heap after GC invocations=13 (full 0):
 garbage-first heap   total 67584K, used 22714K [0x0000000742400000, 0x0000000800000000)
  region size 2048K, 2 young (4096K), 2 survivors (4096K)
 Metaspace       used 48097K, committed 48512K, reserved 1097728K
  class space    used 6954K, committed 7168K, reserved 1048576K
}
Event: 2.695 GC heap before
{Heap before GC invocations=13 (full 0):
 garbage-first heap   total 67584K, used 49338K [0x0000000742400000, 0x0000000800000000)
  region size 2048K, 15 young (30720K), 2 survivors (4096K)
 Metaspace       used 50828K, committed 51200K, reserved 1097728K
  class space    used 7328K, committed 7488K, reserved 1048576K
}
Event: 2.697 GC heap after
{Heap after GC invocations=14 (full 0):
 garbage-first heap   total 67584K, used 24090K [0x0000000742400000, 0x0000000800000000)
  region size 2048K, 2 young (4096K), 2 survivors (4096K)
 Metaspace       used 50828K, committed 51200K, reserved 1097728K
  class space    used 7328K, committed 7488K, reserved 1048576K
}
Event: 2.880 GC heap before
{Heap before GC invocations=14 (full 0):
 garbage-first heap   total 67584K, used 50714K [0x0000000742400000, 0x0000000800000000)
  region size 2048K, 15 young (30720K), 2 survivors (4096K)
 Metaspace       used 53835K, committed 54208K, reserved 1097728K
  class space    used 7767K, committed 7936K, reserved 1048576K
}
Event: 2.882 GC heap after
{Heap after GC invocations=15 (full 0):
 garbage-first heap   total 67584K, used 25965K [0x0000000742400000, 0x0000000800000000)
  region size 2048K, 2 young (4096K), 2 survivors (4096K)
 Metaspace       used 53835K, committed 54208K, reserved 1097728K
  class space    used 7767K, committed 7936K, reserved 1048576K
}
Event: 2.993 GC heap before
{Heap before GC invocations=15 (full 0):
 garbage-first heap   total 67584K, used 52589K [0x0000000742400000, 0x0000000800000000)
  region size 2048K, 15 young (30720K), 2 survivors (4096K)
 Metaspace       used 54706K, committed 55104K, reserved 1097728K
  class space    used 7896K, committed 8064K, reserved 1048576K
}
Event: 2.995 GC heap after
{Heap after GC invocations=16 (full 0):
 garbage-first heap   total 112640K, used 27009K [0x0000000742400000, 0x0000000800000000)
  region size 2048K, 2 young (4096K), 2 survivors (4096K)
 Metaspace       used 54706K, committed 55104K, reserved 1097728K
  class space    used 7896K, committed 8064K, reserved 1048576K
}
Event: 3.385 GC heap before
{Heap before GC invocations=16 (full 0):
 garbage-first heap   total 112640K, used 86401K [0x0000000742400000, 0x0000000800000000)
  region size 2048K, 31 young (63488K), 2 survivors (4096K)
 Metaspace       used 59027K, committed 59584K, reserved 1105920K
  class space    used 8502K, committed 8768K, reserved 1048576K
}
Event: 3.387 GC heap after
{Heap after GC invocations=17 (full 0):
 garbage-first heap   total 112640K, used 29391K [0x0000000742400000, 0x0000000800000000)
  region size 2048K, 3 young (6144K), 3 survivors (6144K)
 Metaspace       used 59027K, committed 59584K, reserved 1105920K
  class space    used 8502K, committed 8768K, reserved 1048576K
}
Event: 3.468 GC heap before
{Heap before GC invocations=17 (full 0):
 garbage-first heap   total 112640K, used 39631K [0x0000000742400000, 0x0000000800000000)
  region size 2048K, 9 young (18432K), 3 survivors (6144K)
 Metaspace       used 59723K, committed 60160K, reserved 1105920K
  class space    used 8612K, committed 8832K, reserved 1048576K
}

